# JRE version: OpenJDK Runtime Environment (11.0.10) (build 11.0.10+0-b96-7249189)
# Java VM: OpenJDK 64-Bit Server VM (11.0.10+0-b96-7249189, mixed mode, tiered, compressed oops, g1 gc, windows-amd64)
Heap:
 garbage-first heap   total 98304K, used 52351K [0x0000000080000000, 0x0000000100000000)
  region size 1024K, 28 young (28672K), 3 survivors (3072K)
 Metaspace       used 43372K, capacity 44411K, committed 44672K, reserved 1087488K
  class space    used 5533K, capacity 5897K, committed 6016K, reserved 1048576K
GC Heap History (16 events):
Event: 28.437 GC heap before
{Heap before GC invocations=0 (full 0):
 garbage-first heap   total 98304K, used 29696K [0x0000000080000000, 0x0000000100000000)
  region size 1024K, 24 young (24576K), 0 survivors (0K)
 Metaspace       used 10192K, capacity 10364K, committed 10624K, reserved 1058816K
  class space    used 1063K, capacity 1140K, committed 1152K, reserved 1048576K
}
Event: 28.446 GC heap after
{Heap after GC invocations=1 (full 0):
 garbage-first heap   total 98304K, used 9232K [0x0000000080000000, 0x0000000100000000)
  region size 1024K, 3 young (3072K), 3 survivors (3072K)
 Metaspace       used 10192K, capacity 10364K, committed 10624K, reserved 1058816K
  class space    used 1063K, capacity 1140K, committed 1152K, reserved 1048576K
}
Event: 90.708 GC heap before
{Heap before GC invocations=1 (full 0):
 garbage-first heap   total 98304K, used 64528K [0x0000000080000000, 0x0000000100000000)
  region size 1024K, 57 young (58368K), 3 survivors (3072K)
 Metaspace       used 13354K, capacity 13691K, committed 13952K, reserved 1060864K
  class space    used 1481K, capacity 1590K, committed 1664K, reserved 1048576K
}
Event: 90.718 GC heap after
{Heap after GC invocations=2 (full 0):
 garbage-first heap   total 98304K, used 14892K [0x0000000080000000, 0x0000000100000000)
  region size 1024K, 8 young (8192K), 8 survivors (8192K)
 Metaspace       used 13354K, capacity 13691K, committed 13952K, reserved 1060864K
  class space    used 1481K, capacity 1590K, committed 1664K, reserved 1048576K
}
Event: 118.481 GC heap before
{Heap before GC invocations=2 (full 0):
 garbage-first heap   total 98304K, used 56876K [0x0000000080000000, 0x0000000100000000)
  region size 1024K, 50 young (51200K), 8 survivors (8192K)
 Metaspace       used 20630K, capacity 21128K, committed 21248K, reserved 1067008K
  class space    used 2511K, capacity 2721K, committed 2816K, reserved 1048576K
}
Event: 118.489 GC heap after
{Heap after GC invocations=3 (full 0):
 garbage-first heap   total 98304K, used 17362K [0x0000000080000000, 0x0000000100000000)
  region size 1024K, 3 young (3072K), 3 survivors (3072K)
 Metaspace       used 20630K, capacity 21128K, committed 21248K, reserved 1067008K
  class space    used 2511K, capacity 2721K, committed 2816K, reserved 1048576K
}
Event: 143.313 GC heap before
{Heap before GC invocations=4 (full 0):
 garbage-first heap   total 98304K, used 64466K [0x0000000080000000, 0x0000000100000000)
  region size 1024K, 49 young (50176K), 3 survivors (3072K)
 Metaspace       used 25421K, capacity 26011K, committed 26112K, reserved 1071104K
  class space    used 3294K, capacity 3521K, committed 3584K, reserved 1048576K
}
Event: 143.316 GC heap after
{Heap after GC invocations=5 (full 0):
 garbage-first heap   total 98304K, used 18893K [0x0000000080000000, 0x0000000100000000)
  region size 1024K, 4 young (4096K), 4 survivors (4096K)
 Metaspace       used 25421K, capacity 26011K, committed 26112K, reserved 1071104K
  class space    used 3294K, capacity 3521K, committed 3584K, reserved 1048576K
}
Event: 157.419 GC heap before
{Heap before GC invocations=5 (full 0):
 garbage-first heap   total 98304K, used 68045K [0x0000000080000000, 0x0000000100000000)
  region size 1024K, 52 young (53248K), 4 survivors (4096K)
 Metaspace       used 30311K, capacity 30977K, committed 31232K, reserved 1077248K
  class space    used 4055K, capacity 4305K, committed 4352K, reserved 1048576K
}
Event: 157.423 GC heap after
{Heap after GC invocations=6 (full 0):
 garbage-first heap   total 98304K, used 20262K [0x0000000080000000, 0x0000000100000000)
  region size 1024K, 5 young (5120K), 5 survivors (5120K)
 Metaspace       used 30311K, capacity 30977K, committed 31232K, reserved 1077248K
  class space    used 4055K, capacity 4305K, committed 4352K, reserved 1048576K
}
Event: 164.752 GC heap before
{Heap before GC invocations=6 (full 0):
 garbage-first heap   total 98304K, used 33574K [0x0000000080000000, 0x0000000100000000)
  region size 1024K, 19 young (19456K), 5 survivors (5120K)
 Metaspace       used 34778K, capacity 35622K, committed 35840K, reserved 1081344K
  class space    used 4531K, capacity 4833K, committed 4864K, reserved 1048576K
}
Event: 164.761 GC heap after
{Heap after GC invocations=7 (full 0):
 garbage-first heap   total 98304K, used 22613K [0x0000000080000000, 0x0000000100000000)
  region size 1024K, 6 young (6144K), 6 survivors (6144K)
 Metaspace       used 34778K, capacity 35622K, committed 35840K, reserved 1081344K
  class space    used 4531K, capacity 4833K, committed 4864K, reserved 1048576K
}
Event: 182.315 GC heap before
{Heap before GC invocations=8 (full 0):
 garbage-first heap   total 98304K, used 63573K [0x0000000080000000, 0x0000000100000000)
  region size 1024K, 44 young (45056K), 6 survivors (6144K)
 Metaspace       used 38107K, capacity 39040K, committed 39296K, reserved 1083392K
  class space    used 4850K, capacity 5177K, committed 5248K, reserved 1048576K
}
Event: 182.322 GC heap after
{Heap after GC invocations=9 (full 0):
 garbage-first heap   total 98304K, used 25877K [0x0000000080000000, 0x0000000100000000)
  region size 1024K, 6 young (6144K), 6 survivors (6144K)
 Metaspace       used 38107K, capacity 39040K, committed 39296K, reserved 1083392K
  class space    used 4850K, capacity 5177K, committed 5248K, reserved 1048576K
}
Event: 190.497 GC heap before
{Heap before GC invocations=9 (full 0):
 garbage-first heap   total 98304K, used 64789K [0x0000000080000000, 0x0000000100000000)
  region size 1024K, 44 young (45056K), 6 survivors (6144K)
 Metaspace       used 40783K, capacity 41725K, committed 41984K, reserved 1085440K
  class space    used 5253K, capacity 5598K, committed 5632K, reserved 1048576K
}
Event: 190.503 GC heap after
{Heap after GC invocations=10 (full 0):
 garbage-first heap   total 98304K, used 27775K [0x0000000080000000, 0x0000000100000000)
  region size 1024K, 3 young (3072K), 3 survivors (3072K)
 Metaspace       used 40783K, capacity 41725K, committed 41984K, reserved 1085440K
  class space    used 5253K, capacity 5598K, committed 5632K, reserved 1048576K
}

