# JRE version: OpenJDK Runtime Environment (11.0.10) (build 11.0.10+0-b96-7249189)
# Java VM: OpenJDK 64-Bit Server VM (11.0.10+0-b96-7249189, mixed mode, tiered, compressed oops, g1 gc, windows-amd64)
Heap:
 garbage-first heap   total 121856K, used 119018K [0x0000000080000000, 0x0000000100000000)
  region size 1024K, 5 young (5120K), 1 survivors (1024K)
 Metaspace       used 100163K, capacity 102735K, committed 103040K, reserved 1138688K
  class space    used 12687K, capacity 13618K, committed 13696K, reserved 1048576K
GC Heap History (20 events):
Event: 100.624 GC heap before
{Heap before GC invocations=199 (full 0):
 garbage-first heap   total 119808K, used 117216K [0x0000000080000000, 0x0000000100000000)
  region size 1024K, 5 young (5120K), 1 survivors (1024K)
 Metaspace       used 97959K, capacity 100481K, committed 100608K, reserved 1136640K
  class space    used 12398K, capacity 13301K, committed 13312K, reserved 1048576K
}
Event: 100.626 GC heap after
{Heap after GC invocations=200 (full 0):
 garbage-first heap   total 119808K, used 113420K [0x0000000080000000, 0x0000000100000000)
  region size 1024K, 1 young (1024K), 1 survivors (1024K)
 Metaspace       used 97959K, capacity 100481K, committed 100608K, reserved 1136640K
  class space    used 12398K, capacity 13301K, committed 13312K, reserved 1048576K
}
Event: 100.795 GC heap before
{Heap before GC invocations=201 (full 0):
 garbage-first heap   total 119808K, used 117516K [0x0000000080000000, 0x0000000100000000)
  region size 1024K, 5 young (5120K), 1 survivors (1024K)
 Metaspace       used 98019K, capacity 100577K, committed 100736K, reserved 1136640K
  class space    used 12405K, capacity 13333K, committed 13440K, reserved 1048576K
}
Event: 100.797 GC heap after
{Heap after GC invocations=202 (full 0):
 garbage-first heap   total 119808K, used 113705K [0x0000000080000000, 0x0000000100000000)
  region size 1024K, 1 young (1024K), 1 survivors (1024K)
 Metaspace       used 98019K, capacity 100577K, committed 100736K, reserved 1136640K
  class space    used 12405K, capacity 13333K, committed 13440K, reserved 1048576K
}
Event: 100.932 GC heap before
{Heap before GC invocations=202 (full 0):
 garbage-first heap   total 119808K, used 117801K [0x0000000080000000, 0x0000000100000000)
  region size 1024K, 5 young (5120K), 1 survivors (1024K)
 Metaspace       used 98114K, capacity 100641K, committed 100992K, reserved 1136640K
  class space    used 12418K, capacity 13333K, committed 13440K, reserved 1048576K
}
Event: 100.934 GC heap after
{Heap after GC invocations=203 (full 0):
 garbage-first heap   total 119808K, used 113971K [0x0000000080000000, 0x0000000100000000)
  region size 1024K, 1 young (1024K), 1 survivors (1024K)
 Metaspace       used 98114K, capacity 100641K, committed 100992K, reserved 1136640K
  class space    used 12418K, capacity 13333K, committed 13440K, reserved 1048576K
}
Event: 101.059 GC heap before
{Heap before GC invocations=203 (full 0):
 garbage-first heap   total 119808K, used 118067K [0x0000000080000000, 0x0000000100000000)
  region size 1024K, 5 young (5120K), 1 survivors (1024K)
 Metaspace       used 98168K, capacity 100707K, committed 100992K, reserved 1136640K
  class space    used 12423K, capacity 13333K, committed 13440K, reserved 1048576K
}
Event: 101.060 GC heap after
{Heap after GC invocations=204 (full 0):
 garbage-first heap   total 119808K, used 114225K [0x0000000080000000, 0x0000000100000000)
  region size 1024K, 1 young (1024K), 1 survivors (1024K)
 Metaspace       used 98168K, capacity 100707K, committed 100992K, reserved 1136640K
  class space    used 12423K, capacity 13333K, committed 13440K, reserved 1048576K
}
Event: 101.134 GC heap before
{Heap before GC invocations=205 (full 0):
 garbage-first heap   total 119808K, used 118321K [0x0000000080000000, 0x0000000100000000)
  region size 1024K, 5 young (5120K), 1 survivors (1024K)
 Metaspace       used 98227K, capacity 100710K, committed 100992K, reserved 1136640K
  class space    used 12429K, capacity 13333K, committed 13440K, reserved 1048576K
}
Event: 101.135 GC heap after
{Heap after GC invocations=206 (full 0):
 garbage-first heap   total 120832K, used 114522K [0x0000000080000000, 0x0000000100000000)
  region size 1024K, 1 young (1024K), 1 survivors (1024K)
 Metaspace       used 98227K, capacity 100710K, committed 100992K, reserved 1136640K
  class space    used 12429K, capacity 13333K, committed 13440K, reserved 1048576K
}
Event: 101.446 GC heap before
{Heap before GC invocations=206 (full 0):
 garbage-first heap   total 120832K, used 118618K [0x0000000080000000, 0x0000000100000000)
  region size 1024K, 5 young (5120K), 1 survivors (1024K)
 Metaspace       used 98505K, capacity 101074K, committed 101248K, reserved 1136640K
  class space    used 12459K, capacity 13368K, committed 13440K, reserved 1048576K
}
Event: 101.450 GC heap after
{Heap after GC invocations=207 (full 0):
 garbage-first heap   total 120832K, used 114684K [0x0000000080000000, 0x0000000100000000)
  region size 1024K, 1 young (1024K), 1 survivors (1024K)
 Metaspace       used 98505K, capacity 101074K, committed 101248K, reserved 1136640K
  class space    used 12459K, capacity 13368K, committed 13440K, reserved 1048576K
}
Event: 101.636 GC heap before
{Heap before GC invocations=208 (full 0):
 garbage-first heap   total 120832K, used 118780K [0x0000000080000000, 0x0000000100000000)
  region size 1024K, 5 young (5120K), 1 survivors (1024K)
 Metaspace       used 98569K, capacity 101131K, committed 101248K, reserved 1136640K
  class space    used 12481K, capacity 13408K, committed 13440K, reserved 1048576K
}
Event: 101.640 GC heap after
{Heap after GC invocations=209 (full 0):
 garbage-first heap   total 120832K, used 115121K [0x0000000080000000, 0x0000000100000000)
  region size 1024K, 1 young (1024K), 1 survivors (1024K)
 Metaspace       used 98569K, capacity 101131K, committed 101248K, reserved 1136640K
  class space    used 12481K, capacity 13408K, committed 13440K, reserved 1048576K
}
Event: 101.668 GC heap before
{Heap before GC invocations=209 (full 0):
 garbage-first heap   total 120832K, used 119217K [0x0000000080000000, 0x0000000100000000)
  region size 1024K, 5 young (5120K), 1 survivors (1024K)
 Metaspace       used 98637K, capacity 101211K, committed 101248K, reserved 1136640K
  class space    used 12491K, capacity 13412K, committed 13440K, reserved 1048576K
}
Event: 101.672 GC heap after
{Heap after GC invocations=210 (full 0):
 garbage-first heap   total 120832K, used 115414K [0x0000000080000000, 0x0000000100000000)
  region size 1024K, 1 young (1024K), 1 survivors (1024K)
 Metaspace       used 98637K, capacity 101211K, committed 101248K, reserved 1136640K
  class space    used 12491K, capacity 13412K, committed 13440K, reserved 1048576K
}
Event: 101.856 GC heap before
{Heap before GC invocations=211 (full 0):
 garbage-first heap   total 120832K, used 119510K [0x0000000080000000, 0x0000000100000000)
  region size 1024K, 5 young (5120K), 1 survivors (1024K)
 Metaspace       used 99276K, capacity 101787K, committed 101888K, reserved 1138688K
  class space    used 12569K, capacity 13476K, committed 13568K, reserved 1048576K
}
Event: 101.859 GC heap after
{Heap after GC invocations=212 (full 0):
 garbage-first heap   total 121856K, used 115824K [0x0000000080000000, 0x0000000100000000)
  region size 1024K, 1 young (1024K), 1 survivors (1024K)
 Metaspace       used 99276K, capacity 101787K, committed 101888K, reserved 1138688K
  class space    used 12569K, capacity 13476K, committed 13568K, reserved 1048576K
}
Event: 102.027 GC heap before
{Heap before GC invocations=212 (full 0):
 garbage-first heap   total 121856K, used 119920K [0x0000000080000000, 0x0000000100000000)
  region size 1024K, 5 young (5120K), 1 survivors (1024K)
 Metaspace       used 99838K, capacity 102363K, committed 102400K, reserved 1138688K
  class space    used 12648K, capacity 13540K, committed 13568K, reserved 1048576K
}
Event: 102.029 GC heap after
{Heap after GC invocations=213 (full 0):
 garbage-first heap   total 121856K, used 115946K [0x0000000080000000, 0x0000000100000000)
  region size 1024K, 1 young (1024K), 1 survivors (1024K)
 Metaspace       used 99838K, capacity 102363K, committed 102400K, reserved 1138688K
  class space    used 12648K, capacity 13540K, committed 13568K, reserved 1048576K
}

